# JRE version: Java(TM) SE Runtime Environment (9.0+181) (build 9+181)
# Java VM: Java HotSpot(TM) 64-Bit Server VM (9+181, mixed mode, tiered, compressed oops, g1 gc, windows-amd64)
Heap:
 garbage-first heap   total 98304K, used 66183K [0x00000000a1c00000, 0x00000000a1d00300, 0x0000000100000000)
  region size 1024K, 50 young (51200K), 3 survivors (3072K)
 Metaspace       used 49443K, capacity 52610K, committed 52864K, reserved 1095680K
  class space    used 6125K, capacity 6422K, committed 6528K, reserved 1048576K
GC Heap History (10 events):
Event: 11.430 GC heap before
{Heap before GC invocations=7 (full 0):
 garbage-first heap   total 98304K, used 64317K [0x00000000a1c00000, 0x00000000a1d00300, 0x0000000100000000)
  region size 1024K, 54 young (55296K), 7 survivors (7168K)
 Metaspace       used 34372K, capacity 35790K, committed 35920K, reserved 1081344K
  class space    used 4319K, capacity 4499K, committed 4608K, reserved 1048576K
}
Event: 11.442 GC heap after
{Heap after GC invocations=8 (full 0):
 garbage-first heap   total 98304K, used 16740K [0x00000000a1c00000, 0x00000000a1d00300, 0x0000000100000000)
  region size 1024K, 4 young (4096K), 4 survivors (4096K)
 Metaspace       used 34372K, capacity 35790K, committed 35920K, reserved 1081344K
  class space    used 4319K, capacity 4499K, committed 4608K, reserved 1048576K
}
Event: 14.882 GC heap before
{Heap before GC invocations=9 (full 0):
 garbage-first heap   total 98304K, used 72036K [0x00000000a1c00000, 0x00000000a1d00300, 0x0000000100000000)
  region size 1024K, 57 young (58368K), 4 survivors (4096K)
 Metaspace       used 37470K, capacity 39026K, committed 39168K, reserved 1083392K
  class space    used 4668K, capacity 4861K, committed 4864K, reserved 1048576K
}
Event: 14.893 GC heap after
{Heap after GC invocations=10 (full 0):
 garbage-first heap   total 98304K, used 16877K [0x00000000a1c00000, 0x00000000a1d00300, 0x0000000100000000)
  region size 1024K, 5 young (5120K), 5 survivors (5120K)
 Metaspace       used 37470K, capacity 39026K, committed 39168K, reserved 1083392K
  class space    used 4668K, capacity 4861K, committed 4864K, reserved 1048576K
}
Event: 18.174 GC heap before
{Heap before GC invocations=11 (full 0):
 garbage-first heap   total 98304K, used 70125K [0x00000000a1c00000, 0x00000000a1d00300, 0x0000000100000000)
  region size 1024K, 57 young (58368K), 5 survivors (5120K)
 Metaspace       used 43568K, capacity 45936K, committed 46208K, reserved 1089536K
  class space    used 5432K, capacity 5654K, committed 5760K, reserved 1048576K
}
Event: 18.190 GC heap after
{Heap after GC invocations=12 (full 0):
 garbage-first heap   total 98304K, used 20542K [0x00000000a1c00000, 0x00000000a1d00300, 0x0000000100000000)
  region size 1024K, 8 young (8192K), 8 survivors (8192K)
 Metaspace       used 43568K, capacity 45936K, committed 46208K, reserved 1089536K
  class space    used 5432K, capacity 5654K, committed 5760K, reserved 1048576K
}
Event: 24.513 GC heap before
{Heap before GC invocations=12 (full 0):
 garbage-first heap   total 98304K, used 70718K [0x00000000a1c00000, 0x00000000a1d00300, 0x0000000100000000)
  region size 1024K, 57 young (58368K), 8 survivors (8192K)
 Metaspace       used 48564K, capacity 51684K, committed 51712K, reserved 1095680K
  class space    used 6100K, capacity 6381K, committed 6400K, reserved 1048576K
}
Event: 24.530 GC heap after
{Heap after GC invocations=13 (full 0):
 garbage-first heap   total 98304K, used 20832K [0x00000000a1c00000, 0x00000000a1d00300, 0x0000000100000000)
  region size 1024K, 5 young (5120K), 5 survivors (5120K)
 Metaspace       used 48564K, capacity 51684K, committed 51712K, reserved 1095680K
  class space    used 6100K, capacity 6381K, committed 6400K, reserved 1048576K
}
Event: 34.371 GC heap before
{Heap before GC invocations=13 (full 0):
 garbage-first heap   total 98304K, used 73056K [0x00000000a1c00000, 0x00000000a1d00300, 0x0000000100000000)
  region size 1024K, 56 young (57344K), 5 survivors (5120K)
 Metaspace       used 48983K, capacity 52126K, committed 52352K, reserved 1095680K
  class space    used 6121K, capacity 6416K, committed 6528K, reserved 1048576K
}
Event: 34.382 GC heap after
{Heap after GC invocations=14 (full 0):
 garbage-first heap   total 98304K, used 19079K [0x00000000a1c00000, 0x00000000a1d00300, 0x0000000100000000)
  region size 1024K, 3 young (3072K), 3 survivors (3072K)
 Metaspace       used 48983K, capacity 52126K, committed 52352K, reserved 1095680K
  class space    used 6121K, capacity 6416K, committed 6528K, reserved 1048576K
}

